[debug] [2022-08-02T05:51:49.361Z] ----------------------------------------------------------------------
[debug] [2022-08-02T05:51:49.363Z] Command:       D:\node\node.exe C:\Users\irvan\AppData\Roaming\npm\node_modules\firebase-tools\lib\bin\firebase.js init
[debug] [2022-08-02T05:51:49.363Z] CLI Version:   11.4.1
[debug] [2022-08-02T05:51:49.363Z] Platform:      win32
[debug] [2022-08-02T05:51:49.363Z] Node Version:  v14.19.1
[debug] [2022-08-02T05:51:49.364Z] Time:          Tue Aug 02 2022 12:51:49 GMT+0700 (Western Indonesia Time)
[debug] [2022-08-02T05:51:49.364Z] ----------------------------------------------------------------------
[debug] 
[debug] [2022-08-02T05:51:49.372Z] > command requires scopes: ["email","openid","https://www.googleapis.com/auth/cloudplatformprojects.readonly","https://www.googleapis.com/auth/firebase","https://www.googleapis.com/auth/cloud-platform"]
[debug] [2022-08-02T05:51:49.374Z] > authorizing via signed-in user (irvanerdika@gmail.com)
[info] 
     ######## #### ########  ######## ########     ###     ######  ########
     ##        ##  ##     ## ##       ##     ##  ##   ##  ##       ##
     ######    ##  ########  ######   ########  #########  ######  ######
     ##        ##  ##    ##  ##       ##     ## ##     ##       ## ##
     ##       #### ##     ## ######## ########  ##     ##  ######  ########

You're about to initialize a Firebase project in this directory:

  D:\projek\projek-dicoding\pokedex_kowok

[debug] [2022-08-02T06:08:36.549Z] Error: kill ENOSYS
    at process.kill (internal/process/per_thread.js:210:13)
    at process.listener (C:\Users\irvan\AppData\Roaming\npm\node_modules\firebase-tools\node_modules\signal-exit\index.js:95:15)
    at process.emit (events.js:400:28)
[error] 
[error] Error: An unexpected error has occurred.
